<?xml version="1.0" encoding="UTF-8"?>
<!-- Generated by org.testng.reporters.JUnitXMLReporter -->
<testsuite ignored="0" hostname="DESKTOP-N22QR8J" failures="0" tests="4" name="AdditionTestCases" time="0.133" errors="0" timestamp="2021-05-19T10:47:40 IST">
  <testcase classname="PragatiTraining.CalculatorCICD.AdditionTestCases" name="TestAdditionWithNegativeNumbers" time="0.013"/>
  <testcase classname="PragatiTraining.CalculatorCICD.AdditionTestCases" name="TestAdditionWithPositiveNumbers" time="0.006"/>
  <testcase classname="PragatiTraining.CalculatorCICD.AdditionTestCases" name="TestAdditionWithPositiveOneNegative" time="0.003"/>
  <testcase classname="PragatiTraining.CalculatorCICD.AdditionTestCases" name="TestAdditionWithZeroNumbers" time="0.002"/>
</testsuite> <!-- AdditionTestCases -->
