<?xml version="1.0" encoding="UTF-8"?>
<!-- Generated by org.testng.reporters.JUnitXMLReporter -->
<testsuite ignored="0" hostname="DESKTOP-N22QR8J" failures="0" tests="3" name="StringConcatData" time="0.071" errors="0" timestamp="2021-05-24T09:54:55 IST">
  <testcase classname="PragatiTraining.StringProject.StringConcatData" name="TestConcatinationWithPositiveValues" time="0.004"/>
  <testcase classname="PragatiTraining.StringProject.StringConcatData" name="TestConcatinationWithPositiveValues" time="0.002"/>
  <testcase classname="PragatiTraining.StringProject.StringConcatData" name="TestConcatinationWithPositiveValues" time="0.01"/>
</testsuite> <!-- StringConcatData -->
