<?xml version="1.0" encoding="UTF-8"?>
<!-- Generated by org.testng.reporters.JUnitXMLReporter -->
<testsuite ignored="0" hostname="DESKTOP-N22QR8J" failures="0" tests="4" name="Default test" time="0.24" errors="0" timestamp="2021-05-15T10:54:33 IST">
  <testcase classname="PragtiSoftwareTesting.NewCalculatorAPI.AdditionTestCases" name="TestAdditionWithNegativeNumbers" time="0.019"/>
  <testcase classname="PragtiSoftwareTesting.NewCalculatorAPI.AdditionTestCases" name="TestAdditionWithPositiveNumbers" time="0.017"/>
  <testcase classname="PragtiSoftwareTesting.NewCalculatorAPI.AdditionTestCases" name="TestAdditionWithPositiveOneNegative" time="0.006"/>
  <testcase classname="PragtiSoftwareTesting.NewCalculatorAPI.AdditionTestCases" name="TestAdditionWithZeroNumbers" time="0.004"/>
</testsuite> <!-- Default test -->
