<?xml version="1.0" encoding="UTF-8"?>
<testng-results ignored="0" total="10" passed="10" failed="0" skipped="0">
  <reporter-output>
  </reporter-output>
  <suite started-at="2021-05-17T12:17:32 IST" name="RegressionTest" finished-at="2021-05-17T12:17:33 IST" duration-ms="768">
    <groups>
      <group name="RegressionTest">
        <method signature="AdditionTestCases.TestAdditionWithNegativeNumbers()[pri:1, instance:PragtiSoftwareTesting.NewCalculatorAPI.AdditionTestCases@306f16f3]" name="TestAdditionWithNegativeNumbers" class="PragtiSoftwareTesting.NewCalculatorAPI.AdditionTestCases"/>
        <method signature="AdditionTestCases.TestAdditionWithPositiveNumbers()[pri:2, instance:PragtiSoftwareTesting.NewCalculatorAPI.AdditionTestCases@306f16f3]" name="TestAdditionWithPositiveNumbers" class="PragtiSoftwareTesting.NewCalculatorAPI.AdditionTestCases"/>
        <method signature="TestingSubstractionTestCases.TestingSubstractionWithPositiveNumber()[pri:1, instance:PragtiSoftwareTesting.NewCalculatorAPI.TestingSubstractionTestCases@4efc180e]" name="TestingSubstractionWithPositiveNumber" class="PragtiSoftwareTesting.NewCalculatorAPI.TestingSubstractionTestCases"/>
        <method signature="TestMultiplication.TestMultiplicationWithPositiveValues(int,int,int)[pri:1, instance:PragtiSoftwareTesting.NewCalculatorAPI.TestMultiplication@614ca7df]" name="TestMultiplicationWithPositiveValues" class="PragtiSoftwareTesting.NewCalculatorAPI.TestMultiplication"/>
      </group> <!-- RegressionTest -->
    </groups>
    <test started-at="2021-05-17T12:17:32 IST" name="AdditionTestCases" finished-at="2021-05-17T12:17:33 IST" duration-ms="368">
      <class name="PragtiSoftwareTesting.NewCalculatorAPI.AdditionTestCases">
        <test-method is-config="true" signature="Init()[pri:0, instance:PragtiSoftwareTesting.NewCalculatorAPI.AdditionTestCases@306f16f3]" started-at="2021-05-17T12:17:32 IST" name="Init" finished-at="2021-05-17T12:17:32 IST" duration-ms="2" status="PASS">
          <reporter-output>
          </reporter-output>
        </test-method> <!-- Init -->
        <test-method is-config="true" signature="ReinitialiseResultVar()[pri:0, instance:PragtiSoftwareTesting.NewCalculatorAPI.AdditionTestCases@306f16f3]" started-at="2021-05-17T12:17:32 IST" name="ReinitialiseResultVar" finished-at="2021-05-17T12:17:32 IST" duration-ms="0" status="PASS">
          <reporter-output>
          </reporter-output>
        </test-method> <!-- ReinitialiseResultVar -->
        <test-method signature="TestAdditionWithNegativeNumbers()[pri:1, instance:PragtiSoftwareTesting.NewCalculatorAPI.AdditionTestCases@306f16f3]" started-at="2021-05-17T12:17:32 IST" name="TestAdditionWithNegativeNumbers" finished-at="2021-05-17T12:17:32 IST" duration-ms="62" status="PASS">
          <reporter-output>
          </reporter-output>
        </test-method> <!-- TestAdditionWithNegativeNumbers -->
        <test-method is-config="true" signature="ReinitialiseResultVar()[pri:0, instance:PragtiSoftwareTesting.NewCalculatorAPI.AdditionTestCases@306f16f3]" started-at="2021-05-17T12:17:32 IST" name="ReinitialiseResultVar" finished-at="2021-05-17T12:17:32 IST" duration-ms="0" status="PASS">
          <reporter-output>
          </reporter-output>
        </test-method> <!-- ReinitialiseResultVar -->
        <test-method signature="TestAdditionWithPositiveNumbers()[pri:2, instance:PragtiSoftwareTesting.NewCalculatorAPI.AdditionTestCases@306f16f3]" started-at="2021-05-17T12:17:32 IST" name="TestAdditionWithPositiveNumbers" finished-at="2021-05-17T12:17:32 IST" duration-ms="4" status="PASS">
          <reporter-output>
          </reporter-output>
        </test-method> <!-- TestAdditionWithPositiveNumbers -->
        <test-method is-config="true" signature="ReinitialiseResultVar()[pri:0, instance:PragtiSoftwareTesting.NewCalculatorAPI.AdditionTestCases@306f16f3]" started-at="2021-05-17T12:17:32 IST" name="ReinitialiseResultVar" finished-at="2021-05-17T12:17:32 IST" duration-ms="0" status="PASS">
          <reporter-output>
          </reporter-output>
        </test-method> <!-- ReinitialiseResultVar -->
        <test-method signature="TestAdditionWithPositiveOneNegative()[pri:3, instance:PragtiSoftwareTesting.NewCalculatorAPI.AdditionTestCases@306f16f3]" started-at="2021-05-17T12:17:32 IST" name="TestAdditionWithPositiveOneNegative" finished-at="2021-05-17T12:17:32 IST" duration-ms="3" status="PASS">
          <reporter-output>
          </reporter-output>
        </test-method> <!-- TestAdditionWithPositiveOneNegative -->
        <test-method is-config="true" signature="ReinitialiseResultVar()[pri:0, instance:PragtiSoftwareTesting.NewCalculatorAPI.AdditionTestCases@306f16f3]" started-at="2021-05-17T12:17:33 IST" name="ReinitialiseResultVar" finished-at="2021-05-17T12:17:33 IST" duration-ms="1" status="PASS">
          <reporter-output>
          </reporter-output>
        </test-method> <!-- ReinitialiseResultVar -->
        <test-method signature="TestAdditionWithZeroNumbers()[pri:4, instance:PragtiSoftwareTesting.NewCalculatorAPI.AdditionTestCases@306f16f3]" started-at="2021-05-17T12:17:33 IST" name="TestAdditionWithZeroNumbers" finished-at="2021-05-17T12:17:33 IST" duration-ms="5" status="PASS">
          <reporter-output>
          </reporter-output>
        </test-method> <!-- TestAdditionWithZeroNumbers -->
        <test-method is-config="true" signature="Teardown()[pri:0, instance:PragtiSoftwareTesting.NewCalculatorAPI.AdditionTestCases@306f16f3]" started-at="2021-05-17T12:17:33 IST" name="Teardown" finished-at="2021-05-17T12:17:33 IST" duration-ms="2" status="PASS">
          <reporter-output>
          </reporter-output>
        </test-method> <!-- Teardown -->
      </class> <!-- PragtiSoftwareTesting.NewCalculatorAPI.AdditionTestCases -->
    </test> <!-- AdditionTestCases -->
    <test started-at="2021-05-17T12:17:33 IST" name="TestingSubstractionTestCases" finished-at="2021-05-17T12:17:33 IST" duration-ms="46">
      <class name="PragtiSoftwareTesting.NewCalculatorAPI.TestingSubstractionTestCases">
        <test-method is-config="true" signature="Init()[pri:0, instance:PragtiSoftwareTesting.NewCalculatorAPI.TestingSubstractionTestCases@4efc180e]" started-at="2021-05-17T12:17:33 IST" name="Init" finished-at="2021-05-17T12:17:33 IST" duration-ms="0" status="PASS">
          <reporter-output>
          </reporter-output>
        </test-method> <!-- Init -->
        <test-method is-config="true" signature="ReInitialise()[pri:0, instance:PragtiSoftwareTesting.NewCalculatorAPI.TestingSubstractionTestCases@4efc180e]" started-at="2021-05-17T12:17:33 IST" name="ReInitialise" finished-at="2021-05-17T12:17:33 IST" duration-ms="1" status="PASS">
          <reporter-output>
          </reporter-output>
        </test-method> <!-- ReInitialise -->
        <test-method signature="TestingSubstractionWithPositiveNumber()[pri:1, instance:PragtiSoftwareTesting.NewCalculatorAPI.TestingSubstractionTestCases@4efc180e]" started-at="2021-05-17T12:17:33 IST" name="TestingSubstractionWithPositiveNumber" finished-at="2021-05-17T12:17:33 IST" duration-ms="3" status="PASS">
          <reporter-output>
          </reporter-output>
        </test-method> <!-- TestingSubstractionWithPositiveNumber -->
        <test-method is-config="true" signature="ReInitialise()[pri:0, instance:PragtiSoftwareTesting.NewCalculatorAPI.TestingSubstractionTestCases@4efc180e]" started-at="2021-05-17T12:17:33 IST" name="ReInitialise" finished-at="2021-05-17T12:17:33 IST" duration-ms="2" status="PASS">
          <reporter-output>
          </reporter-output>
        </test-method> <!-- ReInitialise -->
        <test-method signature="TestingSubstractionWithOnePositiveNumber()[pri:2, instance:PragtiSoftwareTesting.NewCalculatorAPI.TestingSubstractionTestCases@4efc180e]" started-at="2021-05-17T12:17:33 IST" name="TestingSubstractionWithOnePositiveNumber" finished-at="2021-05-17T12:17:33 IST" duration-ms="9" status="PASS">
          <reporter-output>
          </reporter-output>
        </test-method> <!-- TestingSubstractionWithOnePositiveNumber -->
        <test-method is-config="true" signature="Teardown()[pri:0, instance:PragtiSoftwareTesting.NewCalculatorAPI.TestingSubstractionTestCases@4efc180e]" started-at="2021-05-17T12:17:33 IST" name="Teardown" finished-at="2021-05-17T12:17:33 IST" duration-ms="1" status="PASS">
          <reporter-output>
          </reporter-output>
        </test-method> <!-- Teardown -->
      </class> <!-- PragtiSoftwareTesting.NewCalculatorAPI.TestingSubstractionTestCases -->
    </test> <!-- TestingSubstractionTestCases -->
    <test started-at="2021-05-17T12:17:33 IST" name="TestMultiplication" finished-at="2021-05-17T12:17:33 IST" duration-ms="77">
      <class name="PragtiSoftwareTesting.NewCalculatorAPI.TestMultiplication">
        <test-method is-config="true" signature="CreateResultFolder(java.lang.String)[pri:0, instance:PragtiSoftwareTesting.NewCalculatorAPI.TestMultiplication@614ca7df]" started-at="2021-05-17T12:17:32 IST" name="CreateResultFolder" finished-at="2021-05-17T12:17:32 IST" duration-ms="46" status="PASS">
          <params>
            <param index="0">
              <value>
                <![CDATA[Regression12]]>
              </value>
            </param>
          </params>
          <reporter-output>
          </reporter-output>
        </test-method> <!-- CreateResultFolder -->
        <test-method is-config="true" signature="Init()[pri:0, instance:PragtiSoftwareTesting.NewCalculatorAPI.TestMultiplication@614ca7df]" started-at="2021-05-17T12:17:33 IST" name="Init" finished-at="2021-05-17T12:17:33 IST" duration-ms="0" status="PASS">
          <reporter-output>
          </reporter-output>
        </test-method> <!-- Init -->
        <test-method signature="TestMultiplicationWithPositiveValues(int,int,int)[pri:1, instance:PragtiSoftwareTesting.NewCalculatorAPI.TestMultiplication@614ca7df]" started-at="2021-05-17T12:17:33 IST" name="TestMultiplicationWithPositiveValues" data-provider="ProvidePositiveIntegerValues" finished-at="2021-05-17T12:17:33 IST" duration-ms="1" status="PASS">
          <params>
            <param index="0">
              <value>
                <![CDATA[1]]>
              </value>
            </param>
            <param index="1">
              <value>
                <![CDATA[2]]>
              </value>
            </param>
            <param index="2">
              <value>
                <![CDATA[2]]>
              </value>
            </param>
          </params>
          <reporter-output>
          </reporter-output>
        </test-method> <!-- TestMultiplicationWithPositiveValues -->
        <test-method is-config="true" signature="ReinitializeResult()[pri:0, instance:PragtiSoftwareTesting.NewCalculatorAPI.TestMultiplication@614ca7df]" started-at="2021-05-17T12:17:33 IST" name="ReinitializeResult" finished-at="2021-05-17T12:17:33 IST" duration-ms="0" status="PASS">
          <reporter-output>
          </reporter-output>
        </test-method> <!-- ReinitializeResult -->
        <test-method is-config="true" signature="ReinitializeResult()[pri:0, instance:PragtiSoftwareTesting.NewCalculatorAPI.TestMultiplication@614ca7df]" started-at="2021-05-17T12:17:33 IST" name="ReinitializeResult" finished-at="2021-05-17T12:17:33 IST" duration-ms="2" status="PASS">
          <reporter-output>
          </reporter-output>
        </test-method> <!-- ReinitializeResult -->
        <test-method signature="TestMultiplicationWithPositiveValues(int,int,int)[pri:1, instance:PragtiSoftwareTesting.NewCalculatorAPI.TestMultiplication@614ca7df]" started-at="2021-05-17T12:17:33 IST" name="TestMultiplicationWithPositiveValues" data-provider="ProvidePositiveIntegerValues" finished-at="2021-05-17T12:17:33 IST" duration-ms="3" status="PASS">
          <params>
            <param index="0">
              <value>
                <![CDATA[3]]>
              </value>
            </param>
            <param index="1">
              <value>
                <![CDATA[4]]>
              </value>
            </param>
            <param index="2">
              <value>
                <![CDATA[12]]>
              </value>
            </param>
          </params>
          <reporter-output>
          </reporter-output>
        </test-method> <!-- TestMultiplicationWithPositiveValues -->
        <test-method is-config="true" signature="ReinitializeResult()[pri:0, instance:PragtiSoftwareTesting.NewCalculatorAPI.TestMultiplication@614ca7df]" started-at="2021-05-17T12:17:33 IST" name="ReinitializeResult" finished-at="2021-05-17T12:17:33 IST" duration-ms="4" status="PASS">
          <reporter-output>
          </reporter-output>
        </test-method> <!-- ReinitializeResult -->
        <test-method signature="TestMultiplicationWithPositiveValues(int,int,int)[pri:1, instance:PragtiSoftwareTesting.NewCalculatorAPI.TestMultiplication@614ca7df]" started-at="2021-05-17T12:17:33 IST" name="TestMultiplicationWithPositiveValues" data-provider="ProvidePositiveIntegerValues" finished-at="2021-05-17T12:17:33 IST" duration-ms="3" status="PASS">
          <params>
            <param index="0">
              <value>
                <![CDATA[5]]>
              </value>
            </param>
            <param index="1">
              <value>
                <![CDATA[6]]>
              </value>
            </param>
            <param index="2">
              <value>
                <![CDATA[30]]>
              </value>
            </param>
          </params>
          <reporter-output>
          </reporter-output>
        </test-method> <!-- TestMultiplicationWithPositiveValues -->
        <test-method is-config="true" signature="ReinitializeResult()[pri:0, instance:PragtiSoftwareTesting.NewCalculatorAPI.TestMultiplication@614ca7df]" started-at="2021-05-17T12:17:33 IST" name="ReinitializeResult" finished-at="2021-05-17T12:17:33 IST" duration-ms="2" status="PASS">
          <reporter-output>
          </reporter-output>
        </test-method> <!-- ReinitializeResult -->
        <test-method signature="TestMultiplicationWithPositiveValues(int,int,int)[pri:1, instance:PragtiSoftwareTesting.NewCalculatorAPI.TestMultiplication@614ca7df]" started-at="2021-05-17T12:17:33 IST" name="TestMultiplicationWithPositiveValues" data-provider="ProvidePositiveIntegerValues" finished-at="2021-05-17T12:17:33 IST" duration-ms="9" status="PASS">
          <params>
            <param index="0">
              <value>
                <![CDATA[2]]>
              </value>
            </param>
            <param index="1">
              <value>
                <![CDATA[5]]>
              </value>
            </param>
            <param index="2">
              <value>
                <![CDATA[10]]>
              </value>
            </param>
          </params>
          <reporter-output>
          </reporter-output>
        </test-method> <!-- TestMultiplicationWithPositiveValues -->
        <test-method is-config="true" signature="CopyResultFile(java.lang.String)[pri:0, instance:PragtiSoftwareTesting.NewCalculatorAPI.TestMultiplication@614ca7df]" started-at="2021-05-17T12:17:33 IST" name="CopyResultFile" finished-at="2021-05-17T12:17:33 IST" duration-ms="9" status="PASS">
          <params>
            <param index="0">
              <value>
                <![CDATA[Regression12]]>
              </value>
            </param>
          </params>
          <reporter-output>
          </reporter-output>
        </test-method> <!-- CopyResultFile -->
      </class> <!-- PragtiSoftwareTesting.NewCalculatorAPI.TestMultiplication -->
    </test> <!-- TestMultiplication -->
  </suite> <!-- RegressionTest -->
</testng-results>
