<?xml version="1.0" encoding="UTF-8"?>
<testng-results skipped="0" failed="0" ignored="0" total="0" passed="0">
  <reporter-output>
  </reporter-output>
  <suite name="RegressionTest" duration-ms="200" started-at="2021-05-19T10:56:16 IST" finished-at="2021-05-19T10:56:16 IST">
    <groups>
    </groups>
    <test name="AdditionTestCases" duration-ms="200" started-at="2021-05-19T10:56:16 IST" finished-at="2021-05-19T10:56:16 IST">
    </test> <!-- AdditionTestCases -->
  </suite> <!-- RegressionTest -->
</testng-results>
