<?xml version="1.0" encoding="UTF-8"?>
<testng-results ignored="0" total="4" passed="4" failed="0" skipped="0">
  <reporter-output>
  </reporter-output>
  <suite started-at="2021-05-19T10:47:39 IST" name="TestingCalculatorAPI" finished-at="2021-05-19T10:47:39 IST" duration-ms="133">
    <groups>
      <group name="RegressionTest">
        <method signature="AdditionTestCases.TestAdditionWithNegativeNumbers()[pri:1, instance:PragatiTraining.CalculatorCICD.AdditionTestCases@306f16f3]" name="TestAdditionWithNegativeNumbers" class="PragatiTraining.CalculatorCICD.AdditionTestCases"/>
        <method signature="AdditionTestCases.TestAdditionWithPositiveNumbers()[pri:2, instance:PragatiTraining.CalculatorCICD.AdditionTestCases@306f16f3]" name="TestAdditionWithPositiveNumbers" class="PragatiTraining.CalculatorCICD.AdditionTestCases"/>
      </group> <!-- RegressionTest -->
    </groups>
    <test started-at="2021-05-19T10:47:39 IST" name="AdditionTestCases" finished-at="2021-05-19T10:47:39 IST" duration-ms="133">
      <class name="PragatiTraining.CalculatorCICD.AdditionTestCases">
        <test-method is-config="true" signature="Init()[pri:0, instance:PragatiTraining.CalculatorCICD.AdditionTestCases@306f16f3]" started-at="2021-05-19T10:47:39 IST" name="Init" finished-at="2021-05-19T10:47:39 IST" duration-ms="15" status="PASS">
          <reporter-output>
          </reporter-output>
        </test-method> <!-- Init -->
        <test-method is-config="true" signature="ReinitialiseResultVar()[pri:0, instance:PragatiTraining.CalculatorCICD.AdditionTestCases@306f16f3]" started-at="2021-05-19T10:47:39 IST" name="ReinitialiseResultVar" finished-at="2021-05-19T10:47:39 IST" duration-ms="1" status="PASS">
          <reporter-output>
          </reporter-output>
        </test-method> <!-- ReinitialiseResultVar -->
        <test-method signature="TestAdditionWithNegativeNumbers()[pri:1, instance:PragatiTraining.CalculatorCICD.AdditionTestCases@306f16f3]" started-at="2021-05-19T10:47:39 IST" name="TestAdditionWithNegativeNumbers" finished-at="2021-05-19T10:47:39 IST" duration-ms="13" status="PASS">
          <reporter-output>
          </reporter-output>
        </test-method> <!-- TestAdditionWithNegativeNumbers -->
        <test-method is-config="true" signature="ReinitialiseResultVar()[pri:0, instance:PragatiTraining.CalculatorCICD.AdditionTestCases@306f16f3]" started-at="2021-05-19T10:47:39 IST" name="ReinitialiseResultVar" finished-at="2021-05-19T10:47:39 IST" duration-ms="2" status="PASS">
          <reporter-output>
          </reporter-output>
        </test-method> <!-- ReinitialiseResultVar -->
        <test-method signature="TestAdditionWithPositiveNumbers()[pri:2, instance:PragatiTraining.CalculatorCICD.AdditionTestCases@306f16f3]" started-at="2021-05-19T10:47:39 IST" name="TestAdditionWithPositiveNumbers" finished-at="2021-05-19T10:47:39 IST" duration-ms="6" status="PASS">
          <reporter-output>
          </reporter-output>
        </test-method> <!-- TestAdditionWithPositiveNumbers -->
        <test-method is-config="true" signature="ReinitialiseResultVar()[pri:0, instance:PragatiTraining.CalculatorCICD.AdditionTestCases@306f16f3]" started-at="2021-05-19T10:47:39 IST" name="ReinitialiseResultVar" finished-at="2021-05-19T10:47:39 IST" duration-ms="0" status="PASS">
          <reporter-output>
          </reporter-output>
        </test-method> <!-- ReinitialiseResultVar -->
        <test-method signature="TestAdditionWithPositiveOneNegative()[pri:3, instance:PragatiTraining.CalculatorCICD.AdditionTestCases@306f16f3]" started-at="2021-05-19T10:47:39 IST" name="TestAdditionWithPositiveOneNegative" finished-at="2021-05-19T10:47:39 IST" duration-ms="3" status="PASS">
          <reporter-output>
          </reporter-output>
        </test-method> <!-- TestAdditionWithPositiveOneNegative -->
        <test-method is-config="true" signature="ReinitialiseResultVar()[pri:0, instance:PragatiTraining.CalculatorCICD.AdditionTestCases@306f16f3]" started-at="2021-05-19T10:47:39 IST" name="ReinitialiseResultVar" finished-at="2021-05-19T10:47:39 IST" duration-ms="0" status="PASS">
          <reporter-output>
          </reporter-output>
        </test-method> <!-- ReinitialiseResultVar -->
        <test-method signature="TestAdditionWithZeroNumbers()[pri:4, instance:PragatiTraining.CalculatorCICD.AdditionTestCases@306f16f3]" started-at="2021-05-19T10:47:39 IST" name="TestAdditionWithZeroNumbers" finished-at="2021-05-19T10:47:39 IST" duration-ms="2" status="PASS">
          <reporter-output>
          </reporter-output>
        </test-method> <!-- TestAdditionWithZeroNumbers -->
        <test-method is-config="true" signature="Teardown()[pri:0, instance:PragatiTraining.CalculatorCICD.AdditionTestCases@306f16f3]" started-at="2021-05-19T10:47:39 IST" name="Teardown" finished-at="2021-05-19T10:47:39 IST" duration-ms="3" status="PASS">
          <reporter-output>
          </reporter-output>
        </test-method> <!-- Teardown -->
      </class> <!-- PragatiTraining.CalculatorCICD.AdditionTestCases -->
    </test> <!-- AdditionTestCases -->
  </suite> <!-- TestingCalculatorAPI -->
</testng-results>
