<?xml version="1.0" encoding="UTF-8"?>
<!-- Generated by org.testng.reporters.JUnitXMLReporter -->
<testsuite ignored="0" hostname="DESKTOP-N22QR8J" failures="0" tests="4" name="AdditionTestCases" time="0.368" errors="0" timestamp="2021-05-17T12:17:33 IST">
  <testcase classname="PragtiSoftwareTesting.NewCalculatorAPI.AdditionTestCases" name="TestAdditionWithNegativeNumbers" time="0.062"/>
  <testcase classname="PragtiSoftwareTesting.NewCalculatorAPI.AdditionTestCases" name="TestAdditionWithPositiveNumbers" time="0.004"/>
  <testcase classname="PragtiSoftwareTesting.NewCalculatorAPI.AdditionTestCases" name="TestAdditionWithPositiveOneNegative" time="0.003"/>
  <testcase classname="PragtiSoftwareTesting.NewCalculatorAPI.AdditionTestCases" name="TestAdditionWithZeroNumbers" time="0.005"/>
</testsuite> <!-- AdditionTestCases -->
