<?xml version="1.0" encoding="UTF-8"?>
<!-- Generated by org.testng.reporters.JUnitXMLReporter -->
<testsuite ignored="0" hostname="DESKTOP-N22QR8J" failures="0" tests="4" name="TestMultiplication" time="0.077" errors="0" timestamp="2021-05-17T12:17:33 IST">
  <testcase classname="PragtiSoftwareTesting.NewCalculatorAPI.TestMultiplication" name="TestMultiplicationWithPositiveValues" time="0.001"/>
  <testcase classname="PragtiSoftwareTesting.NewCalculatorAPI.TestMultiplication" name="TestMultiplicationWithPositiveValues" time="0.003"/>
  <testcase classname="PragtiSoftwareTesting.NewCalculatorAPI.TestMultiplication" name="TestMultiplicationWithPositiveValues" time="0.003"/>
  <testcase classname="PragtiSoftwareTesting.NewCalculatorAPI.TestMultiplication" name="TestMultiplicationWithPositiveValues" time="0.009"/>
</testsuite> <!-- TestMultiplication -->
