<?xml version="1.0" encoding="UTF-8"?>
<!-- Generated by org.testng.reporters.JUnitXMLReporter -->
<testsuite ignored="0" hostname="DESKTOP-N22QR8J" failures="0" tests="2" name="TestingSubstractionTestCases" time="0.046" errors="0" timestamp="2021-05-17T12:17:33 IST">
  <testcase classname="PragtiSoftwareTesting.NewCalculatorAPI.TestingSubstractionTestCases" name="TestingSubstractionWithPositiveNumber" time="0.003"/>
  <testcase classname="PragtiSoftwareTesting.NewCalculatorAPI.TestingSubstractionTestCases" name="TestingSubstractionWithOnePositiveNumber" time="0.009"/>
</testsuite> <!-- TestingSubstractionTestCases -->
