<?xml version="1.0" encoding="UTF-8"?>
<!-- Generated by org.testng.reporters.JUnitXMLReporter -->
<testsuite ignored="0" hostname="DESKTOP-N22QR8J" failures="0" tests="4" name="Default test" time="0.268" errors="0" timestamp="2021-05-19T10:44:03 IST">
  <testcase classname="PragatiTraining.CalculatorCICD.AdditionTestCases" name="TestAdditionWithNegativeNumbers" time="0.039"/>
  <testcase classname="PragatiTraining.CalculatorCICD.AdditionTestCases" name="TestAdditionWithPositiveNumbers" time="0.008"/>
  <testcase classname="PragatiTraining.CalculatorCICD.AdditionTestCases" name="TestAdditionWithPositiveOneNegative" time="0.01"/>
  <testcase classname="PragatiTraining.CalculatorCICD.AdditionTestCases" name="TestAdditionWithZeroNumbers" time="0.002"/>
</testsuite> <!-- Default test -->
